Traceback (most recent call last):
  File "/opt/anaconda3/envs/opyrability/lib/python3.14/site-packages/jupyter_core/utils/__init__.py", line 154, in wrapped
    asyncio.get_running_loop()
    ~~~~~~~~~~~~~~~~~~~~~~~~^^
RuntimeError: no running event loop

During handling of the above exception, another exception occurred:

Traceback (most recent call last):
  File "/opt/anaconda3/envs/opyrability/lib/python3.14/site-packages/jupyter_cache/executors/utils.py", line 58, in single_nb_execution
    executenb(
    ~~~~~~~~~^
        nb,
        ^^^
    ...<4 lines>...
        **kwargs,
        ^^^^^^^^^
    )
    ^
  File "/opt/anaconda3/envs/opyrability/lib/python3.14/site-packages/nbclient/client.py", line 1305, in execute
    return NotebookClient(nb=nb, resources=resources, km=km, **kwargs).execute()
           ~~~~~~~~~~~~~~~~~~~~~~~~~~~~~~~~~~~~~~~~~~~~~~~~~~~~~~~~~~~~~~~~~~~^^
  File "/opt/anaconda3/envs/opyrability/lib/python3.14/site-packages/jupyter_core/utils/__init__.py", line 158, in wrapped
    return loop.run_until_complete(inner)
           ~~~~~~~~~~~~~~~~~~~~~~~^^^^^^^
  File "/opt/anaconda3/envs/opyrability/lib/python3.14/asyncio/base_events.py", line 719, in run_until_complete
    return future.result()
           ~~~~~~~~~~~~~^^
  File "/opt/anaconda3/envs/opyrability/lib/python3.14/site-packages/nbclient/client.py", line 705, in async_execute
    await self.async_execute_cell(
        cell, index, execution_count=self.code_cells_executed + 1
    )
  File "/opt/anaconda3/envs/opyrability/lib/python3.14/site-packages/nbclient/client.py", line 1058, in async_execute_cell
    await self._check_raise_for_error(cell, cell_index, exec_reply)
  File "/opt/anaconda3/envs/opyrability/lib/python3.14/site-packages/nbclient/client.py", line 914, in _check_raise_for_error
    raise CellExecutionError.from_cell_and_msg(cell, exec_reply_content)
nbclient.exceptions.CellExecutionError: An error occurred while executing the following cell:
------------------
import numpy as np
from opyrability import milp_based_approach
from shower import shower2x2

u_opt, y_opt, phi, phi_true, history = milp_based_approach(
    shower2x2,
    AIS_bound=np.array([[0.1, 10.0], [0.1, 10.0]]),
    PI_target=lambda u: u[0] + u[1],
    DOS_bounds=np.array([[6.0, 9.0], [85.0, 95.0]]),
    AIS_resolution=5,
    input_constr=(np.array([[1.0, -1.0]]), np.array([0.0])))
------------------


[31m---------------------------------------------------------------------------[39m
[31mModuleNotFoundError[39m                       Traceback (most recent call last)
[36mCell[39m[36m [39m[32mIn[10][39m[32m, line 3[39m
[32m      1[39m [38;5;28;01mimport[39;00m[38;5;250m [39m[34;01mnumpy[39;00m[38;5;250m [39m[38;5;28;01mas[39;00m[38;5;250m [39m[34;01mnp[39;00m
[32m      2[39m [38;5;28;01mfrom[39;00m[38;5;250m [39m[34;01mopyrability[39;00m[38;5;250m [39m[38;5;28;01mimport[39;00m milp_based_approach
[32m----> [39m[32m3[39m [38;5;28;01mfrom[39;00m[38;5;250m [39m[34;01mshower[39;00m[38;5;250m [39m[38;5;28;01mimport[39;00m shower2x2
[32m      5[39m u_opt, y_opt, phi, phi_true, history = milp_based_approach(
[32m      6[39m     shower2x2,
[32m      7[39m     AIS_bound=np.array([[[32m0.1[39m, [32m10.0[39m], [[32m0.1[39m, [32m10.0[39m]]),
[32m   (...)[39m[32m     10[39m     AIS_resolution=[32m5[39m,
[32m     11[39m     input_constr=(np.array([[[32m1.0[39m, -[32m1.0[39m]]), np.array([[32m0.0[39m])))

[31mModuleNotFoundError[39m: No module named 'shower'

