Traceback (most recent call last):
  File "C:\Users\Victor\anaconda3\envs\opyrability\lib\site-packages\jupyter_cache\executors\utils.py", line 58, in single_nb_execution
    executenb(
  File "C:\Users\Victor\anaconda3\envs\opyrability\lib\site-packages\nbclient\client.py", line 1305, in execute
    return NotebookClient(nb=nb, resources=resources, km=km, **kwargs).execute()
  File "C:\Users\Victor\anaconda3\envs\opyrability\lib\site-packages\jupyter_core\utils\__init__.py", line 166, in wrapped
    return loop.run_until_complete(inner)
  File "C:\Users\Victor\anaconda3\envs\opyrability\lib\asyncio\base_events.py", line 647, in run_until_complete
    return future.result()
  File "C:\Users\Victor\anaconda3\envs\opyrability\lib\site-packages\nbclient\client.py", line 705, in async_execute
    await self.async_execute_cell(
  File "C:\Users\Victor\anaconda3\envs\opyrability\lib\site-packages\nbclient\client.py", line 1058, in async_execute_cell
    await self._check_raise_for_error(cell, cell_index, exec_reply)
  File "C:\Users\Victor\anaconda3\envs\opyrability\lib\site-packages\nbclient\client.py", line 914, in _check_raise_for_error
    raise CellExecutionError.from_cell_and_msg(cell, exec_reply_content)
nbclient.exceptions.CellExecutionError: An error occurred while executing the following cell:
------------------
u0 = np.array([0, 10])
lb = np.array([0, 0])
ub = np.array([100,100])

DOS_bound = np.array([[17.5, 21.0],
                    [80.0, 100.0]])

DOSresolution = [10, 10]
    

t = time.time()
fDIS, fDOS, message = nlp_based_approach(DOS_bound, 
                                          DOSresolution, 
                                          shower2x2, 
                                          u0, 
                                          lb,
                                          ub, 
                                          method='ipopt', 
                                          plot=True, 
                                          ad=False,
                                          warmstart=False)
    
    
elapsed = time.time() - t
------------------


[1;31m---------------------------------------------------------------------------[0m
[1;31mIndexError[0m                                Traceback (most recent call last)
[1;32m~\AppData\Local\Temp\ipykernel_9460\3653854815.py[0m in [0;36m<cell line: 12>[1;34m()[0m
[0;32m     10[0m [1;33m[0m[0m
[0;32m     11[0m [0mt[0m [1;33m=[0m [0mtime[0m[1;33m.[0m[0mtime[0m[1;33m([0m[1;33m)[0m[1;33m[0m[1;33m[0m[0m
[1;32m---> 12[1;33m fDIS, fDOS, message = nlp_based_approach(DOS_bound, 
[0m[0;32m     13[0m                                           [0mDOSresolution[0m[1;33m,[0m[1;33m[0m[1;33m[0m[0m
[0;32m     14[0m                                           [0mshower2x2[0m[1;33m,[0m[1;33m[0m[1;33m[0m[0m

[1;32mV:\Documents\python_operability\src\opyrability.py[0m in [0;36mnlp_based_approach[1;34m(model, DOS_bounds, DOS_resolution, u0, lb, ub, constr, method, plot, ad, warmstart)[0m
[0;32m    832[0m [1;33m[0m[0m
[0;32m    833[0m     [0mdimDOS[0m [1;33m=[0m [0mDOS_bounds[0m[1;33m.[0m[0mshape[0m[1;33m[[0m[1;36m0[0m[1;33m][0m[1;33m[0m[1;33m[0m[0m
[1;32m--> 834[1;33m     [0mDOSPts[0m [1;33m=[0m [0mcreate_grid[0m[1;33m([0m[0mDOS_bounds[0m[1;33m,[0m [0mDOS_resolution[0m[1;33m)[0m[1;33m[0m[1;33m[0m[0m
[0m[0;32m    835[0m     [0mDOSPts_multi[0m [1;33m=[0m [0mDOSPts[0m[1;33m[0m[1;33m[0m[0m
[0;32m    836[0m     [0mDOSPts[0m [1;33m=[0m [0mDOSPts[0m[1;33m.[0m[0mreshape[0m[1;33m([0m[1;33m-[0m[1;36m1[0m[1;33m,[0m [0mdimDOS[0m[1;33m)[0m[1;33m[0m[1;33m[0m[0m

[1;32mV:\Documents\python_operability\src\opyrability.py[0m in [0;36mcreate_grid[1;34m(region_bounds, region_resolution)[0m
[0;32m   1191[0m     [1;31m# Create discretized region based on bounds and resolution information.[0m[1;33m[0m[1;33m[0m[0m
[0;32m   1192[0m     [1;32mfor[0m [0mi[0m [1;32min[0m [0mrange[0m[1;33m([0m[0mnInput[0m[1;33m)[0m[1;33m:[0m[1;33m[0m[1;33m[0m[0m
[1;32m-> 1193[1;33m         Input_u.append(list(np.linspace(region_bounds[i, 0],
[0m[0;32m   1194[0m                                         [0mregion_bounds[0m[1;33m[[0m[0mi[0m[1;33m,[0m [1;36m1[0m[1;33m][0m[1;33m,[0m[1;33m[0m[1;33m[0m[0m
[0;32m   1195[0m                                         region_resolution[i])))

[1;31mIndexError[0m: too many indices for array: array is 1-dimensional, but 2 were indexed

