Traceback (most recent call last):
  File "C:\Users\vc00004\Anaconda3\envs\operability\lib\site-packages\jupyter_cache\executors\utils.py", line 58, in single_nb_execution
    executenb(
  File "C:\Users\vc00004\Anaconda3\envs\operability\lib\site-packages\nbclient\client.py", line 1204, in execute
    return NotebookClient(nb=nb, resources=resources, km=km, **kwargs).execute()
  File "C:\Users\vc00004\Anaconda3\envs\operability\lib\site-packages\nbclient\util.py", line 84, in wrapped
    return just_run(coro(*args, **kwargs))
  File "C:\Users\vc00004\Anaconda3\envs\operability\lib\site-packages\nbclient\util.py", line 62, in just_run
    return loop.run_until_complete(coro)
  File "C:\Users\vc00004\Anaconda3\envs\operability\lib\asyncio\base_events.py", line 647, in run_until_complete
    return future.result()
  File "C:\Users\vc00004\Anaconda3\envs\operability\lib\site-packages\nbclient\client.py", line 663, in async_execute
    await self.async_execute_cell(
  File "C:\Users\vc00004\Anaconda3\envs\operability\lib\site-packages\nbclient\client.py", line 965, in async_execute_cell
    await self._check_raise_for_error(cell, cell_index, exec_reply)
  File "C:\Users\vc00004\Anaconda3\envs\operability\lib\site-packages\nbclient\client.py", line 862, in _check_raise_for_error
    raise CellExecutionError.from_cell_and_msg(cell, exec_reply_content)
nbclient.exceptions.CellExecutionError: An error occurred while executing the following cell:
------------------
OI = OI_calc(AOS_region, DOS_bounds)
------------------

[1;31m---------------------------------------------------------------------------[0m
[1;31mRuntimeError[0m                              Traceback (most recent call last)
[1;32m~\AppData\Local\Temp\ipykernel_20068\3375087089.py[0m in [0;36m<module>[1;34m[0m
[1;32m----> 1[1;33m [0mOI[0m [1;33m=[0m [0mOI_calc[0m[1;33m([0m[0mAOS_region[0m[1;33m,[0m [0mDOS_bounds[0m[1;33m)[0m[1;33m[0m[1;33m[0m[0m
[0m
[1;32m~\Documents\python_operability\python_operability\docs\pyprop.py[0m in [0;36mOI_calc[1;34m(AS, DS, perspective, hypervol_calc)[0m
[0;32m    238[0m     [0mDS_region[0m [1;33m=[0m [0mpc[0m[1;33m.[0m[0mreduce[0m[1;33m([0m[0mDS_region[0m[1;33m)[0m[1;33m[0m[1;33m[0m[0m
[0;32m    239[0m [1;33m[0m[0m
[1;32m--> 240[1;33m     [0mintersection[0m [1;33m=[0m [0mpc[0m[1;33m.[0m[0mintersect[0m[1;33m([0m[0mAS[0m[1;33m,[0m [0mDS_region[0m[1;33m)[0m[1;33m[0m[1;33m[0m[0m
[0m[0;32m    241[0m [1;33m[0m[0m
[0;32m    242[0m [1;33m[0m[0m

[1;32m~\Anaconda3\envs\operability\lib\site-packages\polytope\polytope.py[0m in [0;36mintersect[1;34m(poly1, poly2, abs_tol)[0m
[0;32m   1501[0m     [1;31m# use {Polytope, Region}.intersect instead')[0m[1;33m[0m[1;33m[0m[0m
[0;32m   1502[0m     [1;32mif[0m [0misinstance[0m[1;33m([0m[0mpoly1[0m[1;33m,[0m [0mRegion[0m[1;33m)[0m[1;33m:[0m[1;33m[0m[1;33m[0m[0m
[1;32m-> 1503[1;33m         [1;32mreturn[0m [0mpoly1[0m[1;33m.[0m[0mintersect[0m[1;33m([0m[0mpoly2[0m[1;33m,[0m [0mabs_tol[0m[1;33m=[0m[0mabs_tol[0m[1;33m)[0m[1;33m[0m[1;33m[0m[0m
[0m[0;32m   1504[0m     [1;32mif[0m [0misinstance[0m[1;33m([0m[0mpoly2[0m[1;33m,[0m [0mRegion[0m[1;33m)[0m[1;33m:[0m[1;33m[0m[1;33m[0m[0m
[0;32m   1505[0m         [1;32mreturn[0m [0mpoly2[0m[1;33m.[0m[0mintersect[0m[1;33m([0m[0mpoly1[0m[1;33m,[0m [0mabs_tol[0m[1;33m=[0m[0mabs_tol[0m[1;33m)[0m[1;33m[0m[1;33m[0m[0m

[1;32m~\Anaconda3\envs\operability\lib\site-packages\polytope\polytope.py[0m in [0;36mintersect[1;34m(self, other, abs_tol)[0m
[0;32m    823[0m                 [0mrp[0m[1;33m,[0m [0mxp[0m [1;33m=[0m [0misect[0m[1;33m.[0m[0mcheby[0m[1;33m[0m[1;33m[0m[0m
[0;32m    824[0m                 [1;32mif[0m [0mrp[0m [1;33m>[0m [0mabs_tol[0m[1;33m:[0m[1;33m[0m[1;33m[0m[0m
[1;32m--> 825[1;33m                     [0mP[0m [1;33m=[0m [0munion[0m[1;33m([0m[0mP[0m[1;33m,[0m [0misect[0m[1;33m,[0m [0mcheck_convex[0m[1;33m=[0m[1;32mTrue[0m[1;33m)[0m[1;33m[0m[1;33m[0m[0m
[0m[0;32m    826[0m         [1;32mreturn[0m [0mP[0m[1;33m[0m[1;33m[0m[0m
[0;32m    827[0m [1;33m[0m[0m

[1;32m~\Anaconda3\envs\operability\lib\site-packages\polytope\polytope.py[0m in [0;36munion[1;34m(polyreg1, polyreg2, check_convex)[0m
[0;32m   1220[0m                 [1;32mfor[0m [0mii[0m [1;32min[0m [0mrange[0m[1;33m([0m[1;36m1[0m[1;33m,[0m [0mN[0m[1;33m)[0m[1;33m:[0m[1;33m[0m[1;33m[0m[0m
[0;32m   1221[0m                     [0mtemplist[0m[1;33m.[0m[0mappend[0m[1;33m([0m[0mlst[0m[1;33m[[0m[0mii[0m[1;33m][0m[1;33m)[0m[1;33m[0m[1;33m[0m[0m
[1;32m-> 1222[1;33m                     [0mis_conv[0m[1;33m,[0m [0menv[0m [1;33m=[0m [0mis_convex[0m[1;33m([0m[0mRegion[0m[1;33m([0m[0mtemplist[0m[1;33m)[0m[1;33m)[0m[1;33m[0m[1;33m[0m[0m
[0m[0;32m   1223[0m                     [1;32mif[0m [1;32mnot[0m [0mis_conv[0m[1;33m:[0m[1;33m[0m[1;33m[0m[0m
[0;32m   1224[0m                         [0mtemplist[0m[1;33m.[0m[0mremove[0m[1;33m([0m[0mlst[0m[1;33m[[0m[0mii[0m[1;33m][0m[1;33m)[0m[1;33m[0m[1;33m[0m[0m

[1;32m~\Anaconda3\envs\operability\lib\site-packages\polytope\polytope.py[0m in [0;36mis_convex[1;34m(reg, abs_tol)[0m
[0;32m   1000[0m         [1;32mreturn[0m [1;32mFalse[0m[1;33m,[0m [1;32mNone[0m[1;33m[0m[1;33m[0m[0m
[0;32m   1001[0m     [0mPl[0m[1;33m,[0m [0mPu[0m [1;33m=[0m [0mreg[0m[1;33m.[0m[0mbounding_box[0m[1;33m[0m[1;33m[0m[0m
[1;32m-> 1002[1;33m     [0mOl[0m[1;33m,[0m [0mOu[0m [1;33m=[0m [0mouter[0m[1;33m.[0m[0mbounding_box[0m[1;33m[0m[1;33m[0m[0m
[0m[0;32m   1003[0m     [0mbboxP[0m [1;33m=[0m [0mnp[0m[1;33m.[0m[0mhstack[0m[1;33m([0m[1;33m[[0m[0mPl[0m[1;33m,[0m [0mPu[0m[1;33m][0m[1;33m)[0m[1;33m[0m[1;33m[0m[0m
[0;32m   1004[0m     [0mbboxO[0m [1;33m=[0m [0mnp[0m[1;33m.[0m[0mhstack[0m[1;33m([0m[1;33m[[0m[0mOl[0m[1;33m,[0m [0mOu[0m[1;33m][0m[1;33m)[0m[1;33m[0m[1;33m[0m[0m

[1;32m~\Anaconda3\envs\operability\lib\site-packages\polytope\polytope.py[0m in [0;36mbounding_box[1;34m(self)[0m
[0;32m    417[0m         """
[0;32m    418[0m         [1;32mif[0m [0mself[0m[1;33m.[0m[0mbbox[0m [1;32mis[0m [1;32mNone[0m[1;33m:[0m[1;33m[0m[1;33m[0m[0m
[1;32m--> 419[1;33m             [0mself[0m[1;33m.[0m[0mbbox[0m [1;33m=[0m [0mbounding_box[0m[1;33m([0m[0mself[0m[1;33m)[0m[1;33m[0m[1;33m[0m[0m
[0m[0;32m    420[0m         [1;32mreturn[0m [0mself[0m[1;33m.[0m[0mbbox[0m[1;33m[0m[1;33m[0m[0m
[0;32m    421[0m [1;33m[0m[0m

[1;32m~\Anaconda3\envs\operability\lib\site-packages\polytope\polytope.py[0m in [0;36mbounding_box[1;34m(polyreg)[0m
[0;32m   1372[0m             [0ml[0m[1;33m[[0m[0mi[0m[1;33m][0m [1;33m=[0m [0mx[0m[1;33m[[0m[0mi[0m[1;33m][0m[1;33m[0m[1;33m[0m[0m
[0;32m   1373[0m         [1;32melse[0m[1;33m:[0m[1;33m[0m[1;33m[0m[0m
[1;32m-> 1374[1;33m             raise RuntimeError((
[0m[0;32m   1375[0m                 [1;34m'`polytope.solvers.lpsolve` returned:  {v}\n'[0m[1;33m[0m[1;33m[0m[0m
[0;32m   1376[0m                 [1;34m'its docstring describes return values'[0m[1;33m[0m[1;33m[0m[0m

[1;31mRuntimeError[0m: `polytope.solvers.lpsolve` returned:  {'status': 3, 'x': None, 'fun': None}
its docstring describes return values
RuntimeError: `polytope.solvers.lpsolve` returned:  {'status': 3, 'x': None, 'fun': None}
its docstring describes return values

