Traceback (most recent call last):
  File "/opt/anaconda3/envs/opyrability/lib/python3.14/site-packages/jupyter_core/utils/__init__.py", line 154, in wrapped
    asyncio.get_running_loop()
    ~~~~~~~~~~~~~~~~~~~~~~~~^^
RuntimeError: no running event loop

During handling of the above exception, another exception occurred:

Traceback (most recent call last):
  File "/opt/anaconda3/envs/opyrability/lib/python3.14/site-packages/jupyter_cache/executors/utils.py", line 58, in single_nb_execution
    executenb(
    ~~~~~~~~~^
        nb,
        ^^^
    ...<4 lines>...
        **kwargs,
        ^^^^^^^^^
    )
    ^
  File "/opt/anaconda3/envs/opyrability/lib/python3.14/site-packages/nbclient/client.py", line 1305, in execute
    return NotebookClient(nb=nb, resources=resources, km=km, **kwargs).execute()
           ~~~~~~~~~~~~~~~~~~~~~~~~~~~~~~~~~~~~~~~~~~~~~~~~~~~~~~~~~~~~~~~~~~~^^
  File "/opt/anaconda3/envs/opyrability/lib/python3.14/site-packages/jupyter_core/utils/__init__.py", line 158, in wrapped
    return loop.run_until_complete(inner)
           ~~~~~~~~~~~~~~~~~~~~~~~^^^^^^^
  File "/opt/anaconda3/envs/opyrability/lib/python3.14/asyncio/base_events.py", line 719, in run_until_complete
    return future.result()
           ~~~~~~~~~~~~~^^
  File "/opt/anaconda3/envs/opyrability/lib/python3.14/site-packages/nbclient/client.py", line 705, in async_execute
    await self.async_execute_cell(
        cell, index, execution_count=self.code_cells_executed + 1
    )
  File "/opt/anaconda3/envs/opyrability/lib/python3.14/site-packages/nbclient/client.py", line 1058, in async_execute_cell
    await self._check_raise_for_error(cell, cell_index, exec_reply)
  File "/opt/anaconda3/envs/opyrability/lib/python3.14/site-packages/nbclient/client.py", line 914, in _check_raise_for_error
    raise CellExecutionError.from_cell_and_msg(cell, exec_reply_content)
nbclient.exceptions.CellExecutionError: An error occurred while executing the following cell:
------------------
    # x(k+1) = A x(k) + B u(k) (+ B_d d(k))
    # y(k)   = C x(k)

    model = {'A': A, 'B': B, 'C': C}   # optionally also 'B_d': B_d

    # results = dynamic_operability(model, x0, AIS_bounds, DOS=DOS_bounds)
------------------


[31m---------------------------------------------------------------------------[39m
[31mNameError[39m                                 Traceback (most recent call last)
[36mCell[39m[36m [39m[32mIn[6][39m[32m, line 4[39m
[32m      1[39m [38;5;66;03m# x(k+1) = A x(k) + B u(k) (+ B_d d(k))[39;00m
[32m      2[39m [38;5;66;03m# y(k)   = C x(k)[39;00m
[32m----> [39m[32m4[39m model = {[33m'[39m[33mA[39m[33m'[39m: [43mA[49m, [33m'[39m[33mB[39m[33m'[39m: B, [33m'[39m[33mC[39m[33m'[39m: C}   [38;5;66;03m# optionally also 'B_d': B_d[39;00m
[32m      6[39m [38;5;66;03m# results = dynamic_operability(model, x0, AIS_bounds, DOS=DOS_bounds)[39;00m

[31mNameError[39m: name 'A' is not defined

